<!DOCTYPE html PUBLIC "-//W3C//DTD XHTML 1.1//EN" "https://www.w3.org/TR/xhtml11/DTD/xhtml11.dtd">
<html xmlns="https://www.w3.org/1999/xhtml">
<head>
<meta charset='utf-8'>
<title>TestNG Report</title>
<style type="text/css">
table {margin-bottom:10px;border-collapse:collapse;empty-cells:show}
td,th {border:1px solid #009;padding:.25em .5em}
.result th {vertical-align:bottom}
.param th {padding-left:1em;padding-right:1em}
.param td {padding-left:.5em;padding-right:2em}
.stripe td,.stripe th {background-color: #E6EBF9}
.numi,.numi_attn {text-align:right}
.total td {font-weight:bold}
.passedodd td {background-color: #0A0}
.passedeven td {background-color: #3F3}
.skippedodd td {background-color: #CCC}
.skippedodd td {background-color: #DDD}
.failedodd td,.numi_attn {background-color: #F33}
.failedeven td,.stripe .numi_attn {background-color: #D00}
.stacktrace {white-space:pre;font-family:monospace}
.totop {font-size:85%;text-align:center;border-bottom:2px solid #000}
</style>
</head>
<body>
<table cellspacing="0" cellpadding="0" class="testOverview">
<tr><th>Test</th><th>Methods<br/>Passed</th><th>Scenarios<br/>Passed</th><th># skipped</th><th># failed</th><th>Total<br/>Time</th><th>Included<br/>Groups</th><th>Excluded<br/>Groups</th></tr>
<tr><td style="text-align:left;padding-right:2em"><a href="#t1">Beta-team-slagalica</a></td><td class="numi">0</td><td class="numi">0</td><td class="numi">0</td><td class="numi_attn">3</td><td class="numi">8.1 seconds</td><td class="numi"></td><td class="numi"></td></tr>
</table>
<table cellspacing="0" cellpadding="0" class="methodOverview" id="summary">
<tr><th>Class</th><th>Method</th><th># of<br/>Scenarios</th><th>Start</th><th>Time<br/>(ms)</th></tr>
<tr id="t1"><th colspan="5">Beta-team-slagalica &#8212; failed</th></tr>
<tr class="failedodd"><td rowspan="3">testCases.asocijacija.AsocijacijaBaseTest</td><td><a href="#m1"><b>verifyPageElementsTest</b>  </a></td><td class="numi">1</td><td>1676455356506</td><td class="numi">43</td></tr><tr class="failedodd"><td><a href="#m2"><b>verifyTimerStart</b>  </a></td><td class="numi">1</td><td>1676455351197</td><td class="numi">5302</td></tr><tr class="failedodd"><td><a href="#m3"><b>logInAndOpenTest</b>  </a></td><td class="numi">1</td><td>1676455351144</td><td class="numi">0</td></tr>
</table>
<h1>Beta-team-slagalica</h1>
<h2 id="m1">testCases.asocijacija.AsocijacijaBaseTest:verifyPageElementsTest</h2>
<div>
<h3>Test Messages</h3>
Verifying page title.<br/>
<h3>Failure</h3>
<div class="stacktrace">java.lang.AssertionError: Page title &apos;&apos; is not equal to expected &apos; expected [Asocijacija] but found []
	at utility.VerifyMethods.verifyPageTitle(VerifyMethods.java:34)
	at pages.AsocijacijaPage.verifyTitlesAndOtherPageElements(AsocijacijaPage.java:17)
	at testCases.asocijacija.AsocijacijaBaseTest.verifyPageElementsTest(AsocijacijaBaseTest.java:58)
	at java.base/java.util.ArrayList.forEach(ArrayList.java:1511)
	at com.intellij.rt.testng.IDEARemoteTestNG.run(IDEARemoteTestNG.java:66)
	at com.intellij.rt.testng.RemoteTestNGStarter.main(RemoteTestNGStarter.java:109)
... Removed 29 stack frames</div>
</div>
<p class="totop"><a href="#summary">back to summary</a></p>
<h2 id="m2">testCases.asocijacija.AsocijacijaBaseTest:logInAndOpenTest</h2>
<div>
<div class="stacktrace">org.testng.TestNGException: 
Parameter &apos;no&apos; is required by @Test on method logInAndOpenTest but has not been marked @Optional or defined
in C:\Users\kneumova\AppData\Local\JetBrains\IdeaIC2022.2\temp-testng-customsuite.xml
	at java.base/java.util.ArrayList.forEach(ArrayList.java:1511)
	at com.intellij.rt.testng.IDEARemoteTestNG.run(IDEARemoteTestNG.java:66)
	at com.intellij.rt.testng.RemoteTestNGStarter.main(RemoteTestNGStarter.java:109)
... Removed 23 stack frames</div>
</div>
<p class="totop"><a href="#summary">back to summary</a></p>
<h2 id="m3">testCases.asocijacija.AsocijacijaBaseTest:verifyTimerStart</h2>
<div>
<div class="stacktrace">org.openqa.selenium.TimeoutException: Expected condition failed: waiting for visibility of element located by By.xpath: //div[@id=&apos;timer&apos;] (tried for 5 second(s) with 500 milliseconds interval)
Build info: version: &apos;4.1.4&apos;, revision: &apos;535d840ee2&apos;
System info: host: &apos;CTMK-KNEUMOVA&apos;, ip: &apos;192.168.89.1&apos;, os.name: &apos;Windows 10&apos;, os.arch: &apos;amd64&apos;, os.version: &apos;10.0&apos;, java.version: &apos;17.0.5&apos;
Driver info: org.openqa.selenium.chrome.ChromeDriver
Capabilities {acceptInsecureCerts: false, browserName: chrome, browserVersion: 110.0.5481.97, chrome: {chromedriverVersion: 110.0.5481.77 (65ed616c6e8e..., userDataDir: C:\Users\kneumova\AppData\L...}, goog:chromeOptions: {debuggerAddress: localhost:52523}, javascriptEnabled: true, networkConnectionEnabled: false, pageLoadStrategy: normal, platform: WINDOWS, platformName: WINDOWS, proxy: Proxy(), se:cdp: ws://localhost:52523/devtoo..., se:cdpVersion: 110.0.5481.97, setWindowRect: true, strictFileInteractability: false, timeouts: {implicit: 0, pageLoad: 300000, script: 30000}, unhandledPromptBehavior: dismiss and notify, webauthn:extension:credBlob: true, webauthn:extension:largeBlob: true, webauthn:virtualAuthenticators: true}
Session ID: cc7cf7b46493272b358bbe901d634f70
	at org.openqa.selenium.support.ui.WebDriverWait.timeoutException(WebDriverWait.java:87)
	at org.openqa.selenium.support.ui.FluentWait.until(FluentWait.java:231)
	at base.TestBase.waitFor(TestBase.java:383)
	at base.TestBase.waitForVisibilityOf(TestBase.java:394)
	at utility.VerifyMethods.verifyTimerValue(VerifyMethods.java:215)
	at testCases.asocijacija.AsocijacijaBaseTest.verifyTimerStart(AsocijacijaBaseTest.java:52)
	at java.base/java.util.ArrayList.forEach(ArrayList.java:1511)
	at com.intellij.rt.testng.IDEARemoteTestNG.run(IDEARemoteTestNG.java:66)
	at com.intellij.rt.testng.RemoteTestNGStarter.main(RemoteTestNGStarter.java:109)
... Removed 24 stack frames</div>
</div>
<p class="totop"><a href="#summary">back to summary</a></p>
</body></html>
